<?xml version="1.0" encoding="UTF-8"?>
<!-- Generated by org.testng.reporters.JUnitReportReporter -->
<testsuite hostname="Kanchan" failures="0" tests="1" name="testes.Test1" time="0.010" errors="0" timestamp="2024-07-22T00:00:41 IST" skipped="0">
  <testcase classname="testes.Test1" name="Demo1" time="0.010"/>
  <system-out/>
</testsuite> <!-- testes.Test1 -->
