<?xml version="1.0" encoding="UTF-8"?>
<!-- Generated by org.testng.reporters.JUnitReportReporter -->
<testsuite hostname="Kanchan" failures="0" tests="1" name="testes.Test3" time="0.011" errors="0" timestamp="2024-07-22T00:17:56 IST" skipped="0">
  <testcase classname="testes.Test3" name="Demo3" time="0.011"/>
  <system-out/>
</testsuite> <!-- testes.Test3 -->
