<?xml version="1.0" encoding="UTF-8"?>
<!-- Generated by org.testng.reporters.JUnitReportReporter -->
<testsuite hostname="Kanchan" failures="0" tests="1" name="testes.Test2" time="0.001" errors="0" timestamp="2024-07-22T00:01:28 IST" skipped="0">
  <testcase classname="testes.Test2" name="demo2" time="0.001"/>
  <system-out/>
</testsuite> <!-- testes.Test2 -->
